[debug] [2021-02-26T14:04:20.680Z] ----------------------------------------------------------------------
[debug] [2021-02-26T14:04:20.682Z] Command:       /usr/local/bin/firebase /home/rust/.cache/firebase/tools/lib/node_modules/firebase-tools/lib/bin/firebase init
[debug] [2021-02-26T14:04:20.682Z] CLI Version:   9.5.0
[debug] [2021-02-26T14:04:20.683Z] Platform:      linux
[debug] [2021-02-26T14:04:20.683Z] Node Version:  v12.18.1
[debug] [2021-02-26T14:04:20.683Z] Time:          Fri Feb 26 2021 17:04:20 GMT+0300 (Moscow Standard Time)
[debug] [2021-02-26T14:04:20.683Z] ----------------------------------------------------------------------
[debug] [2021-02-26T14:04:20.683Z] 
[debug] [2021-02-26T14:04:20.687Z] > command requires scopes: ["email","openid","https://www.googleapis.com/auth/cloudplatformprojects.readonly","https://www.googleapis.com/auth/firebase","https://www.googleapis.com/auth/cloud-platform"]
[debug] [2021-02-26T14:04:20.687Z] > authorizing via signed-in user
[info] 
     ######## #### ########  ######## ########     ###     ######  ########
     ##        ##  ##     ## ##       ##     ##  ##   ##  ##       ##
     ######    ##  ########  ######   ########  #########  ######  ######
     ##        ##  ##    ##  ##       ##     ## ##     ##       ## ##
     ##       #### ##     ## ######## ########  ##     ##  ######  ########

You're about to initialize a Firebase project in this directory:

  /home/rust/Develop/test

Before we get started, keep in mind:

  * You are initializing in an existing Firebase project directory

